\BOOKMARK [1][-]{section.1}{Ziel des Experiments}{}% 1
\BOOKMARK [1][-]{section.2}{Theoretische Grundlagen}{}% 2
\BOOKMARK [2][-]{subsection.2.1}{Physikalische Grundlagen}{section.2}% 3
\BOOKMARK [2][-]{subsection.2.2}{Prinzip der Flammenemissionsspektroskopie}{section.2}% 4
\BOOKMARK [2][-]{subsection.2.3}{Prinzip der Atomabsorptionsspektroskopie}{section.2}% 5
\BOOKMARK [2][-]{subsection.2.4}{Bestandteile von Atomspektroskopischen Messger\344ten}{section.2}% 6
\BOOKMARK [3][-]{subsubsection.2.4.1}{Lampe}{subsection.2.4}% 7
\BOOKMARK [3][-]{subsubsection.2.4.2}{Atomisator}{subsection.2.4}% 8
\BOOKMARK [3][-]{subsubsection.2.4.3}{Monochromator}{subsection.2.4}% 9
\BOOKMARK [3][-]{subsubsection.2.4.4}{Detektor}{subsection.2.4}% 10
\BOOKMARK [2][-]{subsection.2.5}{St\366rungen beim Messvorgang}{section.2}% 11
\BOOKMARK [3][-]{subsubsection.2.5.1}{Chemische St\366rungen}{subsection.2.5}% 12
\BOOKMARK [3][-]{subsubsection.2.5.2}{Spezifische und unspezifische spektrale St\366rungen}{subsection.2.5}% 13
\BOOKMARK [1][-]{section.3}{Atomabsorptionsspektroskopische Bestimmung von Blei nach der Methode der Standardaddition}{}% 14
\BOOKMARK [2][-]{subsection.3.1}{Praktischer Teil}{section.3}% 15
\BOOKMARK [2][-]{subsection.3.2}{Herstellung eines 1000 ppm Pb Ur-Standards}{section.3}% 16
\BOOKMARK [2][-]{subsection.3.3}{Ergebnisse und Auswertung}{section.3}% 17
\BOOKMARK [2][-]{subsection.3.4}{Fazit und Diskussion}{section.3}% 18
\BOOKMARK [1][-]{section.4}{Flammenemissionsspektroskopische Bestimmung von Calcium nach der Methode der externen Kalibrierung}{}% 19
\BOOKMARK [2][-]{subsection.4.1}{Praktischer Teil}{section.4}% 20
\BOOKMARK [2][-]{subsection.4.2}{Herstellung eines 1000 ppm Ca Ur-Standards}{section.4}% 21
\BOOKMARK [2][-]{subsection.4.3}{Gr\374nde f\374r die Zugabe von LaCl3}{section.4}% 22
\BOOKMARK [2][-]{subsection.4.4}{Ergebnisse und Auswertung}{section.4}% 23
\BOOKMARK [2][-]{subsection.4.5}{Fazit und Diskussion}{section.4}% 24
\BOOKMARK [1][-]{subsection.4.5}{Literaturverzeichnis}{}% 25
\BOOKMARK [1][-]{section*.8}{Abbildungsverzeichnis}{}% 26
\BOOKMARK [1][-]{section*.9}{Tabellenverzeichnis}{}% 27
