\BOOKMARK [1][-]{section.1}{Synthese von KAl\(SO4\)2.H2O}{}% 1
\BOOKMARK [1][-]{section.2}{Synthese von KCr\(SO4\)2. 12 H2O}{}% 2
\BOOKMARK [1][-]{section.3}{Synthese von [Co\(NH3\)4CO3]2SO4. 3 H2O}{}% 3
\BOOKMARK [1][-]{section.4}{Synthese von [Co\(NH3\)4\(H2O\)2]2\(SO4\)3. 3 H2O}{}% 4
\BOOKMARK [1][-]{section.5}{Synthese von [Co[\(OH\)2Co\(NH3\) 4]3]\(SO4\)3 . 9 H2O}{}% 5
\BOOKMARK [1][-]{section.6}{Synthese von [Ni\(NH3\)6]Cl2}{}% 6
\BOOKMARK [1][-]{section.7}{Synthese von [Co\(NH3\)6]Cl3}{}% 7
\BOOKMARK [1][-]{section.8}{Synthese von [Cu\(H2NCH2CO2\)2] - Cu\(II\)-Glycinat}{}% 8
\BOOKMARK [1][-]{section.9}{Synthese von CuI}{}% 9
\BOOKMARK [1][-]{section.10}{Synthese von [Cu\(C2H4\(NH2\)2\)2][CuI2]2}{}% 10
\BOOKMARK [1][-]{section.11}{Synthese von [NH4][BF4]}{}% 11
\BOOKMARK [1][-]{section.12}{Synthese von [Zn\(NH3\)4][BF4]2}{}% 12
\BOOKMARK [1][-]{section.13}{Synthese von [VO\(C5H7O2\)2] - Vanadyl-Acetylacetonat}{}% 13
\BOOKMARK [1][-]{section.14}{Synthese von [Cr\(C5H7O2\)3] - Cr\(III\)-Acetylacetonat}{}% 14
\BOOKMARK [1][-]{section.15}{Synthese von [Mn\(C5H7O2\)3] - Mn\(III\)-Acetylacetonat}{}% 15
\BOOKMARK [1][-]{section.16}{Synthese von [Fe\(C5H7O2\)3] - Fe\(III\)-Acetylacetonat}{}% 16
\BOOKMARK [1][-]{section.17}{Synthese von [Co\(C5H7O2\)3] - Co\(III\)-Acetylacetonat}{}% 17
\BOOKMARK [1][-]{section.18}{Synthese von [Cu\(C5H7O2\)2] - Cu\(II\)-Acetylacetonat}{}% 18
\BOOKMARK [1][-]{section.19}{Synthese von Ni\(NCS\)2\(PPh3\)2}{}% 19
\BOOKMARK [1][-]{section.20}{Synthese von K3Cr\(C2O4\)3. 3 H2O}{}% 20
\BOOKMARK [1][-]{section.21}{Synthese von K3Fe\(C2O4\)3 . 3 H2O}{}% 21
