\BOOKMARK [1][-]{section.1}{Theoretische Grundlagen}{}% 1
\BOOKMARK [2][-]{subsection.1.1}{Motivation}{section.1}% 2
\BOOKMARK [2][-]{subsection.1.2}{Ziel des Experiments}{section.1}% 3
\BOOKMARK [1][-]{section.2}{Experimenteller Teil}{}% 4
\BOOKMARK [2][-]{subsection.2.1}{Verwendete Materialien}{section.2}% 5
\BOOKMARK [2][-]{subsection.2.2}{Untersuchung von elektrochemischen Zellen unter Standardbedingungen}{section.2}% 6
\BOOKMARK [3][-]{subsubsection.2.2.1}{Versuchsdurchf\374hrung}{subsection.2.2}% 7
\BOOKMARK [3][-]{subsubsection.2.2.2}{Messergebnisse und Literaturwerte}{subsection.2.2}% 8
\BOOKMARK [3][-]{subsubsection.2.2.3}{Ergebnisse und Diskussion}{subsection.2.2}% 9
\BOOKMARK [2][-]{subsection.2.3}{Elektrolyse - Bestimmung der Faraday Konstante}{section.2}% 10
\BOOKMARK [3][-]{subsubsection.2.3.1}{Versuchsdurchf\374hrung}{subsection.2.3}% 11
\BOOKMARK [3][-]{subsubsection.2.3.2}{Messergebnisse}{subsection.2.3}% 12
\BOOKMARK [3][-]{subsubsection.2.3.3}{Ergebnisse und Diskussion}{subsection.2.3}% 13
\BOOKMARK [2][-]{subsection.2.4}{Bestimmung des L\366slichkeitsproduktes von Cu\(OH\)2}{section.2}% 14
\BOOKMARK [3][-]{subsubsection.2.4.1}{Versuchsdurchf\374hrung}{subsection.2.4}% 15
\BOOKMARK [3][-]{subsubsection.2.4.2}{Messergebnisse}{subsection.2.4}% 16
\BOOKMARK [3][-]{subsubsection.2.4.3}{Ergebnisse und Diskussion}{subsection.2.4}% 17
\BOOKMARK [2][-]{subsection.2.5}{Bestimmung der Komplexbildungskonstante von [Cu\(NH3\)4][2]}{section.2}% 18
\BOOKMARK [3][-]{subsubsection.2.5.1}{Versuchsdurchf\374hrung}{subsection.2.5}% 19
\BOOKMARK [3][-]{subsubsection.2.5.2}{Messergebnisse}{subsection.2.5}% 20
\BOOKMARK [3][-]{subsubsection.2.5.3}{Ergebnisse und Diskussion}{subsection.2.5}% 21
