\BOOKMARK [1][-]{section.1}{Herstellung von CuSO4 * 5 H2O}{}% 1
\BOOKMARK [2][-]{subsection.1.1}{Theoretische Grundlagen}{section.1}% 2
\BOOKMARK [3][-]{subsubsection.1.1.1}{Motivation}{subsection.1.1}% 3
\BOOKMARK [3][-]{subsubsection.1.1.2}{Ziel des Experiments}{subsection.1.1}% 4
\BOOKMARK [2][-]{subsection.1.2}{Experimenteller Teil}{section.1}% 5
\BOOKMARK [3][-]{subsubsection.1.2.1}{Verwendete Materialien}{subsection.1.2}% 6
\BOOKMARK [3][-]{subsubsection.1.2.2}{Versuchsdurchf\374hrung}{subsection.1.2}% 7
\BOOKMARK [3][-]{subsubsection.1.2.3}{Auswertung}{subsection.1.2}% 8
\BOOKMARK [2][-]{subsection.1.3}{Ergebnisse und Diskussion}{section.1}% 9
\BOOKMARK [2][-]{subsection.1.4}{Weitere Berechnungen bzw. Erkl\344rungen}{section.1}% 10
\BOOKMARK [1][-]{section.2}{Versilbern von Glas}{}% 11
\BOOKMARK [2][-]{subsection.2.1}{Theoretische Grundlagen}{section.2}% 12
\BOOKMARK [3][-]{subsubsection.2.1.1}{Motivation}{subsection.2.1}% 13
\BOOKMARK [3][-]{subsubsection.2.1.2}{Ziel des Experiments}{subsection.2.1}% 14
\BOOKMARK [2][-]{subsection.2.2}{Experimenteller Teil}{section.2}% 15
\BOOKMARK [3][-]{subsubsection.2.2.1}{Verwendete Materialien}{subsection.2.2}% 16
\BOOKMARK [3][-]{subsubsection.2.2.2}{Versuchsdurchf\374hrung}{subsection.2.2}% 17
\BOOKMARK [2][-]{subsection.2.3}{Ergebnisse und Diskussion}{section.2}% 18
\BOOKMARK [1][-]{section.3}{Verzinken von M\374nzen sowie Bilden einer Messinglegierung}{}% 19
\BOOKMARK [2][-]{subsection.3.1}{Theoretische Grundlagen}{section.3}% 20
\BOOKMARK [3][-]{subsubsection.3.1.1}{Motivation}{subsection.3.1}% 21
\BOOKMARK [3][-]{subsubsection.3.1.2}{Ziel des Experiments}{subsection.3.1}% 22
\BOOKMARK [2][-]{subsection.3.2}{Experimenteller Teil}{section.3}% 23
\BOOKMARK [3][-]{subsubsection.3.2.1}{Verwendete Materialien}{subsection.3.2}% 24
\BOOKMARK [3][-]{subsubsection.3.2.2}{Versuchsdurchf\374hrung}{subsection.3.2}% 25
\BOOKMARK [2][-]{subsection.3.3}{Ergebnisse und Diskussion}{section.3}% 26
