\BOOKMARK [1][-]{section.1}{Ziel des Experiments}{}% 1
\BOOKMARK [1][-]{section.2}{Theoretische Grundlagen}{}% 2
\BOOKMARK [2][-]{subsection.2.1}{Aufbau der HPLC und Ablauf einer Analyse}{section.2}% 3
\BOOKMARK [3][-]{subsubsection.2.1.1}{Probenaufgabe}{subsection.2.1}% 4
\BOOKMARK [3][-]{subsubsection.2.1.2}{L\366sungsmittel und Entgaser}{subsection.2.1}% 5
\BOOKMARK [3][-]{subsubsection.2.1.3}{Pumpe und Gradientenentwicklung}{subsection.2.1}% 6
\BOOKMARK [3][-]{subsubsection.2.1.4}{Trenns\344ule}{subsection.2.1}% 7
\BOOKMARK [3][-]{subsubsection.2.1.5}{Detektor}{subsection.2.1}% 8
\BOOKMARK [2][-]{subsection.2.2}{Trennmechanismen und station\344re Phasen}{section.2}% 9
\BOOKMARK [3][-]{subsubsection.2.2.1}{Normalphasenchromatographie}{subsection.2.2}% 10
\BOOKMARK [3][-]{subsubsection.2.2.2}{Umkehrphasenchromatographie}{subsection.2.2}% 11
\BOOKMARK [2][-]{subsection.2.3}{Chromatographische Parameter}{section.2}% 12
\BOOKMARK [2][-]{subsection.2.4}{Elutionsmechanismen der Umkehrphasenchromatographie}{section.2}% 13
\BOOKMARK [3][-]{subsubsection.2.4.1}{Isokratische Elution}{subsection.2.4}% 14
\BOOKMARK [3][-]{subsubsection.2.4.2}{Gradienten Elution}{subsection.2.4}% 15
\BOOKMARK [2][-]{subsection.2.5}{Kalibrierung \374ber einen externen Standard}{section.2}% 16
\BOOKMARK [1][-]{section.3}{Praktischer Teil}{}% 17
\BOOKMARK [2][-]{subsection.3.1}{Ger\344teparameter}{section.3}% 18
\BOOKMARK [2][-]{subsection.3.2}{Chemikalienliste}{section.3}% 19
\BOOKMARK [2][-]{subsection.3.3}{Bestimmung einer optimalen Eluentenzusammensetzung}{section.3}% 20
\BOOKMARK [2][-]{subsection.3.4}{Qualitative und quantitative Bestimmung von Wasserr\374ckst\344nden nach der Methode des externen Standards}{section.3}% 21
\BOOKMARK [1][-]{section.4}{Ergebnisse und Auswertung}{}% 22
\BOOKMARK [2][-]{subsection.4.1}{Qualitative Bestimmung von Wasserr\374ckst\344nden und Berechnung chromatographischer Parameter}{section.4}% 23
\BOOKMARK [2][-]{subsection.4.2}{Quantitative Bestimmung von Wasserr\374ckst\344nden nach der Methode des externen Standards}{section.4}% 24
\BOOKMARK [1][-]{section.5}{Fazit und Diskussion}{}% 25
\BOOKMARK [1][-]{section.5}{Literaturverzeichnis}{}% 26
\BOOKMARK [1][-]{section*.17}{Abbildungsverzeichnis}{}% 27
\BOOKMARK [1][-]{section*.18}{Tabellenverzeichnis}{}% 28
